
> biskit@0.0.0 start
> ng serve --port 4201

[33m>[39m Building...
[32m√[39m Building...
[1mInitial chunk files[22m[2m | [22m[1mNames[22m                     [2m | [22m [1mRaw size[22m
[32mscripts.js[39m         [2m | [22m[2mscripts[22m                   [2m | [22m[36m239.33 kB[39m[2m | [22m
[32mstyles.css[39m         [2m | [22m[2mstyles[22m                    [2m | [22m[36m128.56 kB[39m[2m | [22m
[32mpolyfills.js[39m       [2m | [22m[2mpolyfills[22m                 [2m | [22m [36m89.77 kB[39m[2m | [22m
[32mmain.js[39m            [2m | [22m[2mmain[22m                      [2m | [22m [36m62.27 kB[39m[2m | [22m
[32mchunk-BPH7ROMQ.js[39m  [2m | [22m[2m-[22m                         [2m | [22m [36m15.07 kB[39m[2m | [22m
[32mchunk-ZI53D223.js[39m  [2m | [22m[2m-[22m                         [2m | [22m  [36m3.10 kB[39m[2m | [22m
[32mchunk-GY7JJUPB.js[39m  [2m | [22m[2m-[22m                         [2m | [22m  [36m2.57 kB[39m[2m | [22m
[32mchunk-422JJN3A.js[39m  [2m | [22m[2m-[22m                         [2m | [22m  [36m2.30 kB[39m[2m | [22m
[32mchunk-CZJLB7T5.js[39m  [2m | [22m[2m-[22m                         [2m | [22m  [36m1.08 kB[39m[2m | [22m

[1m [22m                  [2m | [22m[1mInitial total[22m             [2m | [22m[1m544.04 kB[22m

[1mLazy chunk files[22m   [2m | [22m[1mNames[22m                     [2m | [22m [1mRaw size[22m
[32mchunk-23ZQWCG6.js[39m  [2m | [22m[2mlanding-component[22m         [2m | [22m[36m147.87 kB[39m[2m | [22m
[32mchunk-WVABEHXR.js[39m  [2m | [22m[2m-[22m                         [2m | [22m[36m132.24 kB[39m[2m | [22m
[32mchunk-GFTIINWC.js[39m  [2m | [22m[2minfo-tratamiento-component[22m[2m | [22m[36m129.03 kB[39m[2m | [22m
[32mchunk-EW5EGBWI.js[39m  [2m | [22m[2madd-pet-component[22m         [2m | [22m[36m105.86 kB[39m[2m | [22m
[32mchunk-UO2WIPA2.js[39m  [2m | [22m[2minfo-client-component[22m     [2m | [22m [36m68.99 kB[39m[2m | [22m
[32mchunk-XEBN4EJE.js[39m  [2m | [22m[2madd-vet-component[22m         [2m | [22m [36m66.62 kB[39m[2m | [22m
[32mchunk-UCS6JBC2.js[39m  [2m | [22m[2mpets-component[22m            [2m | [22m [36m62.27 kB[39m[2m | [22m
[32mchunk-SHX7DDEY.js[39m  [2m | [22m[2minfo-pet-component[22m        [2m | [22m [36m60.87 kB[39m[2m | [22m
[32mchunk-ITG2TMV6.js[39m  [2m | [22m[2mclient-component[22m          [2m | [22m [36m59.50 kB[39m[2m | [22m
[32mchunk-2UJJALXT.js[39m  [2m | [22m[2madd-tratamiento-component[22m [2m | [22m [36m59.11 kB[39m[2m | [22m
[32mchunk-CSF22NP2.js[39m  [2m | [22m[2mdashboard-component[22m       [2m | [22m [36m56.38 kB[39m[2m | [22m
[32mchunk-PIAGLSLO.js[39m  [2m | [22m[2mdashboard-component[22m       [2m | [22m [36m51.01 kB[39m[2m | [22m
[32mchunk-KNHDOYVJ.js[39m  [2m | [22m[2mvets-component[22m            [2m | [22m [36m48.92 kB[39m[2m | [22m
[32mchunk-PCYDGEFJ.js[39m  [2m | [22m[2mclients-component[22m         [2m | [22m [36m46.70 kB[39m[2m | [22m
[32mchunk-DLN6R7YU.js[39m  [2m | [22m[2minfo-pet-component[22m        [2m | [22m [36m30.59 kB[39m[2m | [22m
[2m...and 23 more lazy chunks files. Use "--verbose" to show all the files.[22m

Application bundle generation complete. [5.110 seconds]

Watch mode enabled. Watching for file changes...
NOTE: Raw file sizes do not reflect development server per-request transformations.
  [32m➜[39m  [1mLocal[22m:   [36mhttp://localhost:[1m4201[22m/[39m
[33m>[39m Changes detected. Rebuilding...
[32m√[39m Changes detected. Rebuilding...
[1mInitial chunk files[22m[2m | [22m[1mNames[22m[2m | [22m[1mRaw size[22m
[32mmain.js[39m            [2m | [22m[2mmain[22m [2m | [22m[36m62.30 kB[39m[2m | [22m

Application bundle generation complete. [2.648 seconds]

Component update sent to client(s).
[33m>[39m Changes detected. Rebuilding...
[32m√[39m Changes detected. Rebuilding...
[1mInitial chunk files[22m[2m | [22m[1mNames[22m [2m | [22m [1mRaw size[22m
[32mstyles.css[39m         [2m | [22m[2mstyles[22m[2m | [22m[36m128.59 kB[39m[2m | [22m

Application bundle generation complete. [1.710 seconds]

Stylesheet update sent to client(s).
[33m>[39m Changes detected. Rebuilding...
[32m√[39m Changes detected. Rebuilding...
Application bundle generation failed. [8.070 seconds]

[33m>[39m Changes detected. Rebuilding...
[32m√[39m Changes detected. Rebuilding...
[1mInitial chunk files[22m[2m | [22m[1mNames[22m                     [2m | [22m [1mRaw size[22m
[32mscripts.js[39m         [2m | [22m[2mscripts[22m                   [2m | [22m[36m239.33 kB[39m[2m | [22m
[32mstyles.css[39m         [2m | [22m[2mstyles[22m                    [2m | [22m[36m128.59 kB[39m[2m | [22m
[32mpolyfills.js[39m       [2m | [22m[2mpolyfills[22m                 [2m | [22m [36m89.77 kB[39m[2m | [22m
[32mmain.js[39m            [2m | [22m[2mmain[22m                      [2m | [22m [36m63.32 kB[39m[2m | [22m
[32mchunk-BPH7ROMQ.js[39m  [2m | [22m[2m-[22m                         [2m | [22m [36m15.07 kB[39m[2m | [22m
[32mchunk-ZI53D223.js[39m  [2m | [22m[2m-[22m                         [2m | [22m  [36m3.10 kB[39m[2m | [22m
[32mchunk-GY7JJUPB.js[39m  [2m | [22m[2m-[22m                         [2m | [22m  [36m2.57 kB[39m[2m | [22m
[32mchunk-422JJN3A.js[39m  [2m | [22m[2m-[22m                         [2m | [22m  [36m2.30 kB[39m[2m | [22m
[32mchunk-CZJLB7T5.js[39m  [2m | [22m[2m-[22m                         [2m | [22m  [36m1.08 kB[39m[2m | [22m

[1m [22m                  [2m | [22m[1mInitial total[22m             [2m | [22m[1m545.12 kB[22m

[1mLazy chunk files[22m   [2m | [22m[1mNames[22m                     [2m | [22m [1mRaw size[22m
[32mchunk-23ZQWCG6.js[39m  [2m | [22m[2mlanding-component[22m         [2m | [22m[36m147.87 kB[39m[2m | [22m
[32mchunk-WVABEHXR.js[39m  [2m | [22m[2m-[22m                         [2m | [22m[36m132.24 kB[39m[2m | [22m
[32mchunk-GFTIINWC.js[39m  [2m | [22m[2minfo-tratamiento-component[22m[2m | [22m[36m129.03 kB[39m[2m | [22m
[32mchunk-EW5EGBWI.js[39m  [2m | [22m[2madd-pet-component[22m         [2m | [22m[36m105.86 kB[39m[2m | [22m
[32mchunk-UO2WIPA2.js[39m  [2m | [22m[2minfo-client-component[22m     [2m | [22m [36m68.99 kB[39m[2m | [22m
[32mchunk-XEBN4EJE.js[39m  [2m | [22m[2madd-vet-component[22m         [2m | [22m [36m66.62 kB[39m[2m | [22m
[32mchunk-UCS6JBC2.js[39m  [2m | [22m[2mpets-component[22m            [2m | [22m [36m62.27 kB[39m[2m | [22m
[32mchunk-SHX7DDEY.js[39m  [2m | [22m[2minfo-pet-component[22m        [2m | [22m [36m60.87 kB[39m[2m | [22m
[32mchunk-ITG2TMV6.js[39m  [2m | [22m[2mclient-component[22m          [2m | [22m [36m59.50 kB[39m[2m | [22m
[32mchunk-2UJJALXT.js[39m  [2m | [22m[2madd-tratamiento-component[22m [2m | [22m [36m59.11 kB[39m[2m | [22m
[32mchunk-CSF22NP2.js[39m  [2m | [22m[2mdashboard-component[22m       [2m | [22m [36m56.38 kB[39m[2m | [22m
[32mchunk-PIAGLSLO.js[39m  [2m | [22m[2mdashboard-component[22m       [2m | [22m [36m51.01 kB[39m[2m | [22m
[32mchunk-KNHDOYVJ.js[39m  [2m | [22m[2mvets-component[22m            [2m | [22m [36m48.92 kB[39m[2m | [22m
[32mchunk-PCYDGEFJ.js[39m  [2m | [22m[2mclients-component[22m         [2m | [22m [36m46.70 kB[39m[2m | [22m
[32mchunk-DLN6R7YU.js[39m  [2m | [22m[2minfo-pet-component[22m        [2m | [22m [36m30.59 kB[39m[2m | [22m
[2m...and 23 more lazy chunks files. Use "--verbose" to show all the files.[22m

Application bundle generation complete. [1.684 seconds]

Page reload sent to client(s).
[33m>[39m Changes detected. Rebuilding...
[32m√[39m Changes detected. Rebuilding...
[1mInitial chunk files[22m[2m | [22m[1mNames[22m[2m | [22m[1mRaw size[22m
[32mmain.js[39m            [2m | [22m[2mmain[22m [2m | [22m[36m62.41 kB[39m[2m | [22m

Application bundle generation complete. [6.939 seconds]

Page reload sent to client(s).
[33m>[39m Changes detected. Rebuilding...
[32m√[39m Changes detected. Rebuilding...
[1mInitial chunk files[22m[2m | [22m[1mNames[22m[2m | [22m[1mRaw size[22m
[32mmain.js[39m            [2m | [22m[2mmain[22m [2m | [22m[36m63.27 kB[39m[2m | [22m

Application bundle generation complete. [3.307 seconds]

Page reload sent to client(s).
[33m>[39m Changes detected. Rebuilding...
[32m√[39m Changes detected. Rebuilding...

No output file changes.

Application bundle generation complete. [0.727 seconds]

[33m>[39m Changes detected. Rebuilding...
[32m√[39m Changes detected. Rebuilding...

No output file changes.

Application bundle generation complete. [3.897 seconds]

